<?xml version="1.0" encoding="UTF-8"?>
<!-- Generated by org.testng.reporters.JUnitXMLReporter -->
<testsuite hostname="LTIN357732" ignored="0" name="Test" tests="3" failures="0" timestamp="2022-04-11T11:39:24 IST" time="87.046" errors="0">
  <testcase name="getHospitalList" time="51.474" classname="Main.MainTest"/>
  <testcase name="getCityList" time="3.093" classname="Main.MainTest"/>
  <testcase name="corporateBooking" time="29.578" classname="Main.MainTest"/>
</testsuite> <!-- Test -->
